<?xml version="1.0" encoding="UTF-8"?>
<testng-results skipped="0" failed="0" ignored="0" total="2" passed="2">
  <reporter-output>
  </reporter-output>
  <suite name="Default Suite" duration-ms="2444" started-at="2023-02-07T14:33:19 EST" finished-at="2023-02-07T14:33:21 EST">
    <groups>
    </groups>
    <test name="RESTassuredProject1" duration-ms="2444" started-at="2023-02-07T14:33:19 EST" finished-at="2023-02-07T14:33:21 EST">
      <class name="APITests">
        <test-method status="PASS" signature="test1()[pri:0, instance:APITests@42e26948]" name="test1" duration-ms="2209" started-at="2023-02-07T14:33:19 EST" finished-at="2023-02-07T14:33:21 EST">
          <reporter-output>
          </reporter-output>
        </test-method> <!-- test1 -->
        <test-method status="PASS" signature="test2()[pri:0, instance:APITests@42e26948]" name="test2" duration-ms="189" started-at="2023-02-07T14:33:21 EST" finished-at="2023-02-07T14:33:21 EST">
          <reporter-output>
          </reporter-output>
        </test-method> <!-- test2 -->
      </class> <!-- APITests -->
    </test> <!-- RESTassuredProject1 -->
  </suite> <!-- Default Suite -->
</testng-results>
